<?xml version='1.0' encoding='UTF-8'?>
<testsuite hostname="thunderdome" name="Chrome" tests="12" errors="0" failures="2" time="-0.001">
                     <properties>
[...]
</properties>
                     <testcase classname="Chrome" name="yahooSearch" time="0.0">
                                                 
                                               </testcase><testcase classname="Chrome" name="firstTestCaseB" time="0.0">
                                                 
                                               </testcase><testcase classname="Chrome" name="fifthTestCaseB" time="0.0">
                                                 
                                               </testcase><testcase classname="Chrome" name="firstTestCaseB" time="0.0">
                                                 
                                               </testcase><testcase classname="Chrome" name="secondTestCaseB" time="-0.001">
                                                 
                                               </testcase><testcase classname="Chrome" name="fourthTestCaseB" time="0.0">
                                                 
                                               </testcase><testcase classname="Chrome" name="secondTestCaseB" time="0.0">
                                                 <failure message="Failing this Test" type="java.lang.AssertionError">java.lang.AssertionError: Failing this Test
	at org.testng.Assert.fail(Assert.java:94)
	at com.bility.test.sanityTests.TestB.secondTestCaseB(TestB.java:24)
	at sun.reflect.NativeMethodAccessorImpl.invoke0(Native Method)
	at sun.reflect.NativeMethodAccessorImpl.invoke(NativeMethodAccessorImpl.java:62)
	at sun.reflect.DelegatingMethodAccessorImpl.invoke(DelegatingMethodAccessorImpl.java:43)
	at java.lang.reflect.Method.invoke(Method.java:497)
	at org.testng.internal.MethodInvocationHelper.invokeMethod(MethodInvocationHelper.java:86)
	at org.testng.internal.Invoker.invokeMethod(Invoker.java:643)
	at org.testng.internal.Invoker.invokeTestMethod(Invoker.java:820)
	at org.testng.internal.Invoker.invokeTestMethods(Invoker.java:1128)
	at org.testng.internal.TestMethodWorker.invokeTestMethods(TestMethodWorker.java:129)
	at org.testng.internal.TestMethodWorker.run(TestMethodWorker.java:112)
	at java.util.concurrent.ThreadPoolExecutor.runWorker(ThreadPoolExecutor.java:1142)
	at java.util.concurrent.ThreadPoolExecutor$Worker.run(ThreadPoolExecutor.java:617)
	at java.lang.Thread.run(Thread.java:745)
</failure>
                                               </testcase><testcase classname="Chrome" name="thirdTestCaseB" time="0.0">
                                                 
                                               </testcase><testcase classname="Chrome" name="firstTestCaseA" time="0.0">
                                                 
                                               </testcase><testcase classname="Chrome" name="secondWebSiteA" time="0.0">
                                                 <failure message="Unable to locate element: {&quot;method&quot;:&quot;id&quot;,&quot;selector&quot;:&quot;test&quot;}
Command duration or timeout: 16 milliseconds
For documentation on this error, please visit: http://seleniumhq.org/exceptions/no_such_element.html
Build info: version: '2.49.1', revision: '808c23b0963853d375cbe54b90bbd052e2528a54', time: '2016-01-21 09:37:52'
System info: host: 'thunderdome', ip: '192.168.0.7', os.name: 'Mac OS X', os.arch: 'x86_64', os.version: '10.10.5', java.version: '1.8.0_45'
Driver info: org.openqa.selenium.firefox.FirefoxDriver
Capabilities [{applicationCacheEnabled=true, rotatable=false, handlesAlerts=true, databaseEnabled=true, version=44.0, platform=MAC, nativeEvents=false, acceptSslCerts=true, webStorageEnabled=true, locationContextEnabled=true, browserName=firefox, takesScreenshot=true, javascriptEnabled=true, cssSelectorsEnabled=true}]
Session ID: ff23ce78-3f5c-9c40-ab26-b507e3dbe124
*** Element info: {Using=id, value=test}" type="org.openqa.selenium.NoSuchElementException">org.openqa.selenium.NoSuchElementException: Unable to locate element: {&quot;method&quot;:&quot;id&quot;,&quot;selector&quot;:&quot;test&quot;}
Command duration or timeout: 16 milliseconds
For documentation on this error, please visit: http://seleniumhq.org/exceptions/no_such_element.html
Build info: version: '2.49.1', revision: '808c23b0963853d375cbe54b90bbd052e2528a54', time: '2016-01-21 09:37:52'
System info: host: 'thunderdome', ip: '192.168.0.7', os.name: 'Mac OS X', os.arch: 'x86_64', os.version: '10.10.5', java.version: '1.8.0_45'
Driver info: org.openqa.selenium.firefox.FirefoxDriver
Capabilities [{applicationCacheEnabled=true, rotatable=false, handlesAlerts=true, databaseEnabled=true, version=44.0, platform=MAC, nativeEvents=false, acceptSslCerts=true, webStorageEnabled=true, locationContextEnabled=true, browserName=firefox, takesScreenshot=true, javascriptEnabled=true, cssSelectorsEnabled=true}]
Session ID: ff23ce78-3f5c-9c40-ab26-b507e3dbe124
*** Element info: {Using=id, value=test}
	at sun.reflect.NativeConstructorAccessorImpl.newInstance0(Native Method)
	at sun.reflect.NativeConstructorAccessorImpl.newInstance(NativeConstructorAccessorImpl.java:62)
	at sun.reflect.DelegatingConstructorAccessorImpl.newInstance(DelegatingConstructorAccessorImpl.java:45)
	at java.lang.reflect.Constructor.newInstance(Constructor.java:422)
	at org.openqa.selenium.remote.ErrorHandler.createThrowable(ErrorHandler.java:206)
	at org.openqa.selenium.remote.ErrorHandler.throwIfResponseFailed(ErrorHandler.java:158)
	at org.openqa.selenium.remote.RemoteWebDriver.execute(RemoteWebDriver.java:678)
	at org.openqa.selenium.remote.RemoteWebDriver.findElement(RemoteWebDriver.java:363)
	at org.openqa.selenium.remote.RemoteWebDriver.findElementById(RemoteWebDriver.java:413)
	at org.openqa.selenium.By$ById.findElement(By.java:218)
	at org.openqa.selenium.remote.RemoteWebDriver.findElement(RemoteWebDriver.java:355)
	at com.bility.test.sanityTests.TestA.secondWebSiteA(TestA.java:39)
	at sun.reflect.NativeMethodAccessorImpl.invoke0(Native Method)
	at sun.reflect.NativeMethodAccessorImpl.invoke(NativeMethodAccessorImpl.java:62)
	at sun.reflect.DelegatingMethodAccessorImpl.invoke(DelegatingMethodAccessorImpl.java:43)
	at java.lang.reflect.Method.invoke(Method.java:497)
	at org.testng.internal.MethodInvocationHelper.invokeMethod(MethodInvocationHelper.java:86)
	at org.testng.internal.Invoker.invokeMethod(Invoker.java:643)
	at org.testng.internal.Invoker.invokeTestMethod(Invoker.java:820)
	at org.testng.internal.Invoker.invokeTestMethods(Invoker.java:1128)
	at org.testng.internal.TestMethodWorker.invokeTestMethods(TestMethodWorker.java:129)
	at org.testng.internal.TestMethodWorker.run(TestMethodWorker.java:112)
	at java.util.concurrent.ThreadPoolExecutor.runWorker(ThreadPoolExecutor.java:1142)
	at java.util.concurrent.ThreadPoolExecutor$Worker.run(ThreadPoolExecutor.java:617)
	at java.lang.Thread.run(Thread.java:745)
Caused by: org.openqa.selenium.NoSuchElementException: Unable to locate element: {&quot;method&quot;:&quot;id&quot;,&quot;selector&quot;:&quot;test&quot;}
For documentation on this error, please visit: http://seleniumhq.org/exceptions/no_such_element.html
Build info: version: '2.49.1', revision: '808c23b0963853d375cbe54b90bbd052e2528a54', time: '2016-01-21 09:37:52'
System info: host: 'thunderdome', ip: '192.168.0.7', os.name: 'Mac OS X', os.arch: 'x86_64', os.version: '10.10.5', java.version: '1.8.0_45'
Driver info: driver.version: unknown
	at &lt;anonymous class&gt;.FirefoxDriver.prototype.findElementInternal_(file:///var/folders/tn/npj2xyrx77j8vdt2w4tbkhq9_ppt4b/T/anonymous7468467962819392264webdriver-profile/extensions/fxdriver@googlecode.com/components/driver-component.js:10681)
	at &lt;anonymous class&gt;.FirefoxDriver.prototype.findElement(file:///var/folders/tn/npj2xyrx77j8vdt2w4tbkhq9_ppt4b/T/anonymous7468467962819392264webdriver-profile/extensions/fxdriver@googlecode.com/components/driver-component.js:10690)
	at &lt;anonymous class&gt;.DelayedCommand.prototype.executeInternal_/h(file:///var/folders/tn/npj2xyrx77j8vdt2w4tbkhq9_ppt4b/T/anonymous7468467962819392264webdriver-profile/extensions/fxdriver@googlecode.com/components/command-processor.js:12557)
	at &lt;anonymous class&gt;.DelayedCommand.prototype.executeInternal_(file:///var/folders/tn/npj2xyrx77j8vdt2w4tbkhq9_ppt4b/T/anonymous7468467962819392264webdriver-profile/extensions/fxdriver@googlecode.com/components/command-processor.js:12562)
	at &lt;anonymous class&gt;.DelayedCommand.prototype.execute/&lt;(file:///var/folders/tn/npj2xyrx77j8vdt2w4tbkhq9_ppt4b/T/anonymous7468467962819392264webdriver-profile/extensions/fxdriver@googlecode.com/components/command-processor.js:12504)
</failure>
                                               </testcase><testcase classname="Chrome" name="testYahooSearch" time="0.0">
                                                 
                                               </testcase><testcase classname="Chrome" name="thirdTestCaseA" time="0.0">
                                                 
                                               </testcase>
                     <system-out></system-out>
                     <system-err></system-err>
                   </testsuite>